Build started 8/4/2014 10:26:27 AM.
     1>Project "G:\Github\HashMap\Hashmap\Hashmap.vcxproj" on node 2 (Build target(s)).
     1>ClCompile:
         C:\Program Files (x86)\Microsoft Visual Studio 12.0\VC\bin\CL.exe /c /I"\Github\HashMap\gtest-1.7.0\include" /ZI /nologo /W3 /WX- /sdl /Od /Oy- /D _MBCS /Gm /EHsc /RTC1 /MTd /GS /fp:precise /Zc:wchar_t /Zc:forScope /Fo"Debug\\" /Fd"Debug\vc120.pdb" /Gd /TP /analyze- /errorReport:prompt MyHashMap.cpp UnitTests.cpp
         MyHashMap.cpp
         Generating Code...
         Compiling...
         UnitTests.cpp
     1>g:\github\hashmap\hashmap\myhashmap.h(141): warning C4291: 'void *HashMapItem<T>::operator new(size_t,HashMapItem<T> *,int)' : no matching operator delete found; memory will not be freed if initialization throws an exception
                 with
                 [
                     T=int
                 ]
                 g:\github\hashmap\hashmap\hashmapitem.h(45) : see declaration of 'HashMapItem<T>::operator new'
                 with
                 [
                     T=int
                 ]
                 g:\github\hashmap\hashmap\myhashmap.h(92) : while compiling class template member function 'void MyHashMap<int>::Insert(const std::string &,const T)'
                 with
                 [
                     T=int
                 ]
                 g:\github\hashmap\hashmap\unittests.cpp(36) : see reference to function template instantiation 'void MyHashMap<int>::Insert(const std::string &,const T)' being compiled
                 with
                 [
                     T=int
                 ]
                 g:\github\hashmap\hashmap\unittests.cpp(35) : see reference to class template instantiation 'MyHashMap<int>' being compiled
     1>g:\github\hashmap\hashmap\hashmapitem.h(58): error C2355: 'this' : can only be referenced inside non-static member functions or non-static data member initializers
                 g:\github\hashmap\hashmap\hashmapitem.h(55) : while compiling class template member function 'void *HashMapItem<T>::operator new(size_t,void *)'
                 with
                 [
                     T=int
                 ]
                 g:\github\hashmap\hashmap\myhashmap.h(142) : see reference to function template instantiation 'void *HashMapItem<T>::operator new(size_t,void *)' being compiled
                 with
                 [
                     T=int
                 ]
                 g:\github\hashmap\hashmap\myhashmap.h(79) : see reference to class template instantiation 'HashMapItem<T>' being compiled
                 with
                 [
                     T=int
                 ]
                 g:\github\hashmap\hashmap\myhashmap.h(42) : while compiling class template member function 'MyHashMap<int>::MyHashMap(void)'
                 g:\github\hashmap\hashmap\unittests.cpp(35) : see reference to function template instantiation 'MyHashMap<int>::MyHashMap(void)' being compiled
     1>g:\github\hashmap\hashmap\hashmapitem.h(59): error C2036: 'void *' : unknown size
         Generating Code...
     1>Done Building Project "G:\Github\HashMap\Hashmap\Hashmap.vcxproj" (Build target(s)) -- FAILED.

Build FAILED.

Time Elapsed 00:00:00.96
